<?xml version="1.0" encoding="UTF-8"?>
<testsuite xmlns:xsi="http://www.w3.org/2001/XMLSchema-instance" xsi:noNamespaceSchemaLocation="https://maven.apache.org/surefire/maven-surefire-plugin/xsd/surefire-test-report-3.0.xsd" version="3.0" name="com.bezkoder.springjwt.SpringBootSecurityJwtApplicationTests" time="19.11" tests="1" errors="0" skipped="0" failures="0">
  <properties>
[...]
</properties>
  <testcase name="contextLoads" classname="com.bezkoder.springjwt.SpringBootSecurityJwtApplicationTests" time="3.435">
    <system-out><![CDATA[18:26:26.660 [main] INFO org.springframework.test.context.support.AnnotationConfigContextLoaderUtils -- Could not detect default configuration classes for test class [com.bezkoder.springjwt.SpringBootSecurityJwtApplicationTests]: SpringBootSecurityJwtApplicationTests does not declare any static, non-private, non-final, nested classes annotated with @Configuration.
18:26:27.021 [main] INFO org.springframework.boot.test.context.SpringBootTestContextBootstrapper -- Found @SpringBootConfiguration com.bezkoder.springjwt.SpringBootSecurityJwtApplication for test class com.bezkoder.springjwt.SpringBootSecurityJwtApplicationTests

  .   ____          _            __ _ _
 /\\ / ___'_ __ _ _(_)_ __  __ _ \ \ \ \
( ( )\___ | '_ | '_| | '_ \/ _` | \ \ \ \
 \\/  ___)| |_)| | | | | || (_| |  ) ) ) )
  '  |____| .__|_| |_|_| |_\__, | / / / /
 =========|_|==============|___/=/_/_/_/
 :: Spring Boot ::                (v3.1.0)

2024-03-16T18:26:28.594+05:30  INFO 2912 --- [           main] .s.SpringBootSecurityJwtApplicationTests : Starting SpringBootSecurityJwtApplicationTests using Java 17.0.1 with PID 2912 (started by nitin in C:\Users\nitin\OneDrive\Desktop\Nitin Assignment\Authentication-App\spring-boot-spring-security-jwt-authentication)
2024-03-16T18:26:28.598+05:30  INFO 2912 --- [           main] .s.SpringBootSecurityJwtApplicationTests : No active profile set, falling back to 1 default profile: "default"
2024-03-16T18:26:31.874+05:30  INFO 2912 --- [           main] .s.d.r.c.RepositoryConfigurationDelegate : Bootstrapping Spring Data JPA repositories in DEFAULT mode.
2024-03-16T18:26:32.099+05:30  INFO 2912 --- [           main] .s.d.r.c.RepositoryConfigurationDelegate : Finished Spring Data repository scanning in 198 ms. Found 2 JPA repository interfaces.
2024-03-16T18:26:33.604+05:30  INFO 2912 --- [           main] o.hibernate.jpa.internal.util.LogHelper  : HHH000204: Processing PersistenceUnitInfo [name: default]
2024-03-16T18:26:33.745+05:30  INFO 2912 --- [           main] org.hibernate.Version                    : HHH000412: Hibernate ORM core version 6.2.2.Final
2024-03-16T18:26:33.753+05:30  INFO 2912 --- [           main] org.hibernate.cfg.Environment            : HHH000406: Using bytecode reflection optimizer
2024-03-16T18:26:34.341+05:30  INFO 2912 --- [           main] o.h.b.i.BytecodeProviderInitiator        : HHH000021: Bytecode provider name : bytebuddy
2024-03-16T18:26:34.747+05:30  INFO 2912 --- [           main] o.s.o.j.p.SpringPersistenceUnitInfo      : No LoadTimeWeaver setup: ignoring JPA class transformer
2024-03-16T18:26:34.798+05:30  INFO 2912 --- [           main] com.zaxxer.hikari.HikariDataSource       : HikariPool-1 - Starting...
2024-03-16T18:26:35.293+05:30  INFO 2912 --- [           main] com.zaxxer.hikari.pool.HikariPool        : HikariPool-1 - Added connection com.mysql.cj.jdbc.ConnectionImpl@213835b6
2024-03-16T18:26:35.299+05:30  INFO 2912 --- [           main] com.zaxxer.hikari.HikariDataSource       : HikariPool-1 - Start completed.
2024-03-16T18:26:35.426+05:30  INFO 2912 --- [           main] org.hibernate.orm.dialect                : HHH035001: Using dialect: org.hibernate.dialect.MySQLDialect, version: 8.0.36
2024-03-16T18:26:36.109+05:30  INFO 2912 --- [           main] o.h.b.i.BytecodeProviderInitiator        : HHH000021: Bytecode provider name : bytebuddy
2024-03-16T18:26:37.974+05:30  INFO 2912 --- [           main] o.h.e.t.j.p.i.JtaPlatformInitiator       : HHH000490: Using JtaPlatform implementation: [org.hibernate.engine.transaction.jta.platform.internal.NoJtaPlatform]
2024-03-16T18:26:38.174+05:30  INFO 2912 --- [           main] j.LocalContainerEntityManagerFactoryBean : Initialized JPA EntityManagerFactory for persistence unit 'default'
2024-03-16T18:26:39.433+05:30  WARN 2912 --- [           main] JpaBaseConfiguration$JpaWebConfiguration : spring.jpa.open-in-view is enabled by default. Therefore, database queries may be performed during view rendering. Explicitly configure spring.jpa.open-in-view to disable this warning
2024-03-16T18:26:40.938+05:30  INFO 2912 --- [           main] o.s.s.web.DefaultSecurityFilterChain     : Will secure any request with [org.springframework.security.web.session.DisableEncodeUrlFilter@74120029, org.springframework.security.web.context.request.async.WebAsyncManagerIntegrationFilter@3031d9e9, org.springframework.security.web.context.SecurityContextHolderFilter@5f0a5848, org.springframework.security.web.header.HeaderWriterFilter@7e305953, org.springframework.security.web.authentication.logout.LogoutFilter@397b5b2d, org.springframework.security.oauth2.client.web.OAuth2AuthorizationRequestRedirectFilter@1d86b636, org.springframework.security.oauth2.client.web.OAuth2LoginAuthenticationFilter@e0c03bd, com.bezkoder.springjwt.security.jwt.AuthTokenFilter@5f346355, org.springframework.security.web.authentication.UsernamePasswordAuthenticationFilter@61e4a072, org.springframework.security.web.authentication.ui.DefaultLoginPageGeneratingFilter@f83616, org.springframework.security.web.authentication.ui.DefaultLogoutPageGeneratingFilter@1415f18d, org.springframework.security.web.savedrequest.RequestCacheAwareFilter@732fa176, org.springframework.security.web.servletapi.SecurityContextHolderAwareRequestFilter@413e8246, org.springframework.security.web.authentication.AnonymousAuthenticationFilter@61c42e54, org.springframework.security.web.session.SessionManagementFilter@94b5fe3, org.springframework.security.web.access.ExceptionTranslationFilter@4e23ddf0, org.springframework.security.web.access.intercept.AuthorizationFilter@2fb24ad8]
2024-03-16T18:26:41.846+05:30  INFO 2912 --- [           main] .s.SpringBootSecurityJwtApplicationTests : Started SpringBootSecurityJwtApplicationTests in 14.248 seconds (process running for 17.92)
]]></system-out>
  </testcase>
</testsuite>